----------------------------------------Git Status at Monday 23 December 2024 04:20:47 PM IST---------------------------------------
On branch main
Your branch is based on 'origin/main', but the upstream is gone.
  (use "git branch --unset-upstream" to fixup)

Untracked files:
  (use "git add <file>..." to include in what will be committed)
	push.log
	status.log

nothing added to commit but untracked files present (use "git add" to track)
----------------------------------------Git Status at Monday 23 December 2024 04:21:58 PM IST---------------------------------------
On branch main
Your branch is based on 'origin/main', but the upstream is gone.
  (use "git branch --unset-upstream" to fixup)

Changes not staged for commit:
  (use "git add <file>..." to update what will be committed)
  (use "git restore <file>..." to discard changes in working directory)
	modified:   push.log
	modified:   status.log

no changes added to commit (use "git add" and/or "git commit -a")
----------------------------------------Git Status at Monday 23 December 2024 04:25:24 PM IST---------------------------------------
On branch main
Your branch is based on 'origin/main', but the upstream is gone.
  (use "git branch --unset-upstream" to fixup)

Changes not staged for commit:
  (use "git add <file>..." to update what will be committed)
  (use "git restore <file>..." to discard changes in working directory)
	modified:   push.log
	modified:   status.log

no changes added to commit (use "git add" and/or "git commit -a")
----------------------------------------Git Status at Monday 23 December 2024 04:30:03 PM IST---------------------------------------
On branch main
Your branch is based on 'origin/main', but the upstream is gone.
  (use "git branch --unset-upstream" to fixup)

Changes not staged for commit:
  (use "git add <file>..." to update what will be committed)
  (use "git restore <file>..." to discard changes in working directory)
	modified:   push.log
	modified:   status.log

no changes added to commit (use "git add" and/or "git commit -a")
----------------------------------------Git Status at Monday 23 December 2024 04:30:30 PM IST---------------------------------------
On branch main
Your branch is based on 'origin/main', but the upstream is gone.
  (use "git branch --unset-upstream" to fixup)

Changes not staged for commit:
  (use "git add <file>..." to update what will be committed)
  (use "git restore <file>..." to discard changes in working directory)
	modified:   push.log
	modified:   status.log

no changes added to commit (use "git add" and/or "git commit -a")
----------------------------------------Git Status at Monday 23 December 2024 04:33:04 PM IST---------------------------------------
On branch main
Your branch is based on 'origin/main', but the upstream is gone.
  (use "git branch --unset-upstream" to fixup)

Changes not staged for commit:
  (use "git add <file>..." to update what will be committed)
  (use "git restore <file>..." to discard changes in working directory)
	modified:   push.log
	modified:   status.log

no changes added to commit (use "git add" and/or "git commit -a")
----------------------------------------Git Status at Monday 23 December 2024 04:47:31 PM IST---------------------------------------
On branch main
Your branch is ahead of 'origin/main' by 1 commit.
  (use "git push" to publish your local commits)

Changes not staged for commit:
  (use "git add <file>..." to update what will be committed)
  (use "git restore <file>..." to discard changes in working directory)
	modified:   push.log
	modified:   status.log

no changes added to commit (use "git add" and/or "git commit -a")
----------------------------------------Git Status at Monday 23 December 2024 04:48:16 PM IST---------------------------------------
On branch main
Your branch is ahead of 'origin/main' by 2 commits.
  (use "git push" to publish your local commits)

Changes not staged for commit:
  (use "git add <file>..." to update what will be committed)
  (use "git restore <file>..." to discard changes in working directory)
	modified:   push.log
	modified:   status.log

no changes added to commit (use "git add" and/or "git commit -a")
----------------------------------------Git Status at Monday 23 December 2024 04:49:48 PM IST---------------------------------------
On branch main
Your branch is ahead of 'origin/main' by 3 commits.
  (use "git push" to publish your local commits)

Changes not staged for commit:
  (use "git add <file>..." to update what will be committed)
  (use "git restore <file>..." to discard changes in working directory)
	modified:   push.log
	modified:   status.log

no changes added to commit (use "git add" and/or "git commit -a")
----------------------------------------Git Status at Monday 23 December 2024 04:52:56 PM IST---------------------------------------
On branch main
Your branch is ahead of 'origin/main' by 4 commits.
  (use "git push" to publish your local commits)

Changes not staged for commit:
  (use "git add <file>..." to update what will be committed)
  (use "git restore <file>..." to discard changes in working directory)
	modified:   push.log
	modified:   status.log

no changes added to commit (use "git add" and/or "git commit -a")
----------------------------------------Git Status at Monday 23 December 2024 04:54:11 PM IST---------------------------------------
On branch main
Your branch is ahead of 'origin/main' by 5 commits.
  (use "git push" to publish your local commits)

Changes not staged for commit:
  (use "git add <file>..." to update what will be committed)
  (use "git restore <file>..." to discard changes in working directory)
	modified:   push.log
	modified:   status.log

no changes added to commit (use "git add" and/or "git commit -a")
----------------------------------------Git Status at Monday 23 December 2024 04:56:00 PM IST---------------------------------------
On branch main
Your branch is ahead of 'origin/main' by 6 commits.
  (use "git push" to publish your local commits)

Changes not staged for commit:
  (use "git add <file>..." to update what will be committed)
  (use "git restore <file>..." to discard changes in working directory)
	modified:   push.log
	modified:   status.log

no changes added to commit (use "git add" and/or "git commit -a")
----------------------------------------Git Status at Monday 23 December 2024 04:59:32 PM IST---------------------------------------
On branch main
Your branch is ahead of 'origin/main' by 7 commits.
  (use "git push" to publish your local commits)

Changes not staged for commit:
  (use "git add <file>..." to update what will be committed)
  (use "git restore <file>..." to discard changes in working directory)
	modified:   push.log
	modified:   status.log

no changes added to commit (use "git add" and/or "git commit -a")
----------------------------------------Git Status at Monday 23 December 2024 05:02:07 PM IST---------------------------------------
On branch main
Your branch is ahead of 'origin/main' by 8 commits.
  (use "git push" to publish your local commits)

Changes not staged for commit:
  (use "git add <file>..." to update what will be committed)
  (use "git restore <file>..." to discard changes in working directory)
	modified:   push.log
	modified:   status.log

no changes added to commit (use "git add" and/or "git commit -a")
----------------------------------------Git Status at Monday 23 December 2024 05:02:21 PM IST---------------------------------------
On branch main
Your branch is ahead of 'origin/main' by 9 commits.
  (use "git push" to publish your local commits)

Changes not staged for commit:
  (use "git add <file>..." to update what will be committed)
  (use "git restore <file>..." to discard changes in working directory)
	modified:   push.log
	modified:   status.log

no changes added to commit (use "git add" and/or "git commit -a")
----------------------------------------Git Status at Monday 23 December 2024 05:04:23 PM IST---------------------------------------
On branch main
Your branch is ahead of 'origin/main' by 10 commits.
  (use "git push" to publish your local commits)

Changes not staged for commit:
  (use "git add <file>..." to update what will be committed)
  (use "git restore <file>..." to discard changes in working directory)
	modified:   push.log
	modified:   status.log

no changes added to commit (use "git add" and/or "git commit -a")
----------------------------------------Git Status at Monday 23 December 2024 05:05:54 PM IST---------------------------------------
On branch main
Your branch is ahead of 'origin/main' by 11 commits.
  (use "git push" to publish your local commits)

Changes not staged for commit:
  (use "git add <file>..." to update what will be committed)
  (use "git restore <file>..." to discard changes in working directory)
	modified:   push.log
	modified:   status.log

no changes added to commit (use "git add" and/or "git commit -a")
----------------------------------------Git Status at Monday 23 December 2024 05:07:35 PM IST---------------------------------------
On branch main
Your branch is ahead of 'origin/main' by 12 commits.
  (use "git push" to publish your local commits)

Changes not staged for commit:
  (use "git add <file>..." to update what will be committed)
  (use "git restore <file>..." to discard changes in working directory)
	modified:   push.log
	modified:   status.log

no changes added to commit (use "git add" and/or "git commit -a")
----------------------------------------Git Status at Monday 23 December 2024 05:09:06 PM IST---------------------------------------
On branch main
Your branch is ahead of 'origin/main' by 13 commits.
  (use "git push" to publish your local commits)

Changes not staged for commit:
  (use "git add <file>..." to update what will be committed)
  (use "git restore <file>..." to discard changes in working directory)
	modified:   push.log
	modified:   status.log

no changes added to commit (use "git add" and/or "git commit -a")
----------------------------------------Git Status at Monday 23 December 2024 05:10:51 PM IST---------------------------------------
On branch main
Your branch is ahead of 'origin/main' by 14 commits.
  (use "git push" to publish your local commits)

Changes not staged for commit:
  (use "git add <file>..." to update what will be committed)
  (use "git restore <file>..." to discard changes in working directory)
	modified:   push.log
	modified:   status.log

no changes added to commit (use "git add" and/or "git commit -a")
----------------------------------------Git Status at Monday 23 December 2024 05:15:58 PM IST---------------------------------------
On branch main
Your branch is ahead of 'origin/main' by 15 commits.
  (use "git push" to publish your local commits)

Changes not staged for commit:
  (use "git add <file>..." to update what will be committed)
  (use "git restore <file>..." to discard changes in working directory)
	modified:   push.log
	modified:   status.log

no changes added to commit (use "git add" and/or "git commit -a")
----------------------------------------Git Status at Monday 23 December 2024 05:17:27 PM IST---------------------------------------
On branch main
Your branch is ahead of 'origin/main' by 16 commits.
  (use "git push" to publish your local commits)

Changes not staged for commit:
  (use "git add <file>..." to update what will be committed)
  (use "git restore <file>..." to discard changes in working directory)
	modified:   push.log
	modified:   status.log

no changes added to commit (use "git add" and/or "git commit -a")
----------------------------------------Git Status at Monday 23 December 2024 05:19:54 PM IST---------------------------------------
On branch main
Your branch is ahead of 'origin/main' by 17 commits.
  (use "git push" to publish your local commits)

Changes not staged for commit:
  (use "git add <file>..." to update what will be committed)
  (use "git restore <file>..." to discard changes in working directory)
	modified:   push.log
	modified:   status.log

no changes added to commit (use "git add" and/or "git commit -a")
----------------------------------------Git Status at Monday 23 December 2024 05:21:38 PM IST---------------------------------------
On branch main
Your branch is ahead of 'origin/main' by 18 commits.
  (use "git push" to publish your local commits)

Changes not staged for commit:
  (use "git add <file>..." to update what will be committed)
  (use "git restore <file>..." to discard changes in working directory)
	modified:   push.log
	modified:   status.log

no changes added to commit (use "git add" and/or "git commit -a")
----------------------------------------Git Status at Monday 23 December 2024 05:23:14 PM IST---------------------------------------
On branch main
Your branch is ahead of 'origin/main' by 19 commits.
  (use "git push" to publish your local commits)

Changes not staged for commit:
  (use "git add <file>..." to update what will be committed)
  (use "git restore <file>..." to discard changes in working directory)
	modified:   push.log
	modified:   status.log

no changes added to commit (use "git add" and/or "git commit -a")
----------------------------------------Git Status at Monday 23 December 2024 05:25:28 PM IST---------------------------------------
On branch main
Your branch is ahead of 'origin/main' by 20 commits.
  (use "git push" to publish your local commits)

Changes not staged for commit:
  (use "git add <file>..." to update what will be committed)
  (use "git restore <file>..." to discard changes in working directory)
	modified:   push.log
	modified:   status.log

no changes added to commit (use "git add" and/or "git commit -a")
----------------------------------------Git Status at Monday 23 December 2024 05:26:28 PM IST---------------------------------------
On branch main
Your branch is ahead of 'origin/main' by 21 commits.
  (use "git push" to publish your local commits)

Changes not staged for commit:
  (use "git add <file>..." to update what will be committed)
  (use "git restore <file>..." to discard changes in working directory)
	modified:   push.log
	modified:   status.log

no changes added to commit (use "git add" and/or "git commit -a")
----------------------------------------Git Status at Monday 23 December 2024 05:27:52 PM IST---------------------------------------
On branch main
Your branch is ahead of 'origin/main' by 22 commits.
  (use "git push" to publish your local commits)

Changes not staged for commit:
  (use "git add <file>..." to update what will be committed)
  (use "git restore <file>..." to discard changes in working directory)
	modified:   push.log
	modified:   status.log

no changes added to commit (use "git add" and/or "git commit -a")
----------------------------------------Git Status at Monday 23 December 2024 05:29:36 PM IST---------------------------------------
On branch main
Your branch is ahead of 'origin/main' by 23 commits.
  (use "git push" to publish your local commits)

Changes not staged for commit:
  (use "git add <file>..." to update what will be committed)
  (use "git restore <file>..." to discard changes in working directory)
	modified:   push.log
	modified:   status.log

no changes added to commit (use "git add" and/or "git commit -a")
----------------------------------------Git Status at Monday 23 December 2024 05:32:04 PM IST---------------------------------------
On branch main
Your branch is ahead of 'origin/main' by 24 commits.
  (use "git push" to publish your local commits)

Changes not staged for commit:
  (use "git add <file>..." to update what will be committed)
  (use "git restore <file>..." to discard changes in working directory)
	modified:   push.log
	modified:   status.log

no changes added to commit (use "git add" and/or "git commit -a")
----------------------------------------Git Status at Monday 23 December 2024 05:34:06 PM IST---------------------------------------
On branch main
Your branch is ahead of 'origin/main' by 25 commits.
  (use "git push" to publish your local commits)

Changes not staged for commit:
  (use "git add <file>..." to update what will be committed)
  (use "git restore <file>..." to discard changes in working directory)
	modified:   push.log
	modified:   status.log

no changes added to commit (use "git add" and/or "git commit -a")
----------------------------------------Git Status at Monday 23 December 2024 05:35:50 PM IST---------------------------------------
On branch main
Your branch is ahead of 'origin/main' by 26 commits.
  (use "git push" to publish your local commits)

Changes not staged for commit:
  (use "git add <file>..." to update what will be committed)
  (use "git restore <file>..." to discard changes in working directory)
	modified:   push.log
	modified:   status.log

no changes added to commit (use "git add" and/or "git commit -a")
----------------------------------------Git Status at Monday 23 December 2024 05:36:02 PM IST---------------------------------------
On branch main
Your branch is ahead of 'origin/main' by 27 commits.
  (use "git push" to publish your local commits)

Changes not staged for commit:
  (use "git add <file>..." to update what will be committed)
  (use "git restore <file>..." to discard changes in working directory)
	modified:   push.log
	modified:   status.log

no changes added to commit (use "git add" and/or "git commit -a")
----------------------------------------Git Status at Monday 23 December 2024 05:43:48 PM IST---------------------------------------
On branch main
Your branch is ahead of 'origin/main' by 28 commits.
  (use "git push" to publish your local commits)

Changes not staged for commit:
  (use "git add <file>..." to update what will be committed)
  (use "git restore <file>..." to discard changes in working directory)
	modified:   push.log
	modified:   status.log

no changes added to commit (use "git add" and/or "git commit -a")
----------------------------------------Git Status at Tuesday 24 December 2024 12:32:49 PM IST---------------------------------------
On branch main
Your branch is ahead of 'origin/main' by 29 commits.
  (use "git push" to publish your local commits)

Changes not staged for commit:
  (use "git add <file>..." to update what will be committed)
  (use "git restore <file>..." to discard changes in working directory)
	modified:   push.log
	modified:   status.log

no changes added to commit (use "git add" and/or "git commit -a")
----------------------------------------Git Status at Tuesday 24 December 2024 12:34:08 PM IST---------------------------------------
On branch main
Your branch is ahead of 'origin/main' by 30 commits.
  (use "git push" to publish your local commits)

Changes not staged for commit:
  (use "git add <file>..." to update what will be committed)
  (use "git restore <file>..." to discard changes in working directory)
	modified:   push.log
	modified:   status.log

no changes added to commit (use "git add" and/or "git commit -a")
----------------------------------------Git Status at Tuesday 24 December 2024 12:43:16 PM IST---------------------------------------
On branch main
Your branch is ahead of 'origin/main' by 31 commits.
  (use "git push" to publish your local commits)

Changes not staged for commit:
  (use "git add <file>..." to update what will be committed)
  (use "git restore <file>..." to discard changes in working directory)
	modified:   push.log
	modified:   status.log

no changes added to commit (use "git add" and/or "git commit -a")
----------------------------------------Git Status at Tuesday 24 December 2024 12:43:56 PM IST---------------------------------------
On branch main
Your branch is ahead of 'origin/main' by 32 commits.
  (use "git push" to publish your local commits)

Changes not staged for commit:
  (use "git add <file>..." to update what will be committed)
  (use "git restore <file>..." to discard changes in working directory)
	modified:   push.log
	modified:   status.log

no changes added to commit (use "git add" and/or "git commit -a")
----------------------------------------Git Status at Tuesday 24 December 2024 12:47:02 PM IST---------------------------------------
On branch main
Your branch is ahead of 'origin/main' by 33 commits.
  (use "git push" to publish your local commits)

Changes not staged for commit:
  (use "git add <file>..." to update what will be committed)
  (use "git restore <file>..." to discard changes in working directory)
	modified:   push.log
	modified:   status.log

no changes added to commit (use "git add" and/or "git commit -a")
----------------------------------------Git Status at Tuesday 24 December 2024 12:49:34 PM IST---------------------------------------
On branch main
Your branch is ahead of 'origin/main' by 34 commits.
  (use "git push" to publish your local commits)

Changes not staged for commit:
  (use "git add <file>..." to update what will be committed)
  (use "git restore <file>..." to discard changes in working directory)
	modified:   push.log
	modified:   status.log

no changes added to commit (use "git add" and/or "git commit -a")
----------------------------------------Git Status at Tuesday 24 December 2024 12:51:23 PM IST---------------------------------------
On branch main
Your branch is ahead of 'origin/main' by 35 commits.
  (use "git push" to publish your local commits)

Changes not staged for commit:
  (use "git add <file>..." to update what will be committed)
  (use "git restore <file>..." to discard changes in working directory)
	modified:   push.log
	modified:   status.log

no changes added to commit (use "git add" and/or "git commit -a")
----------------------------------------Git Status at Tuesday 24 December 2024 12:56:13 PM IST---------------------------------------
On branch main
Your branch is ahead of 'origin/main' by 36 commits.
  (use "git push" to publish your local commits)

Changes not staged for commit:
  (use "git add <file>..." to update what will be committed)
  (use "git restore <file>..." to discard changes in working directory)
	modified:   push.log
	modified:   status.log

no changes added to commit (use "git add" and/or "git commit -a")
----------------------------------------Git Status at Tuesday 24 December 2024 12:57:43 PM IST---------------------------------------
On branch main
Your branch is ahead of 'origin/main' by 37 commits.
  (use "git push" to publish your local commits)

Changes not staged for commit:
  (use "git add <file>..." to update what will be committed)
  (use "git restore <file>..." to discard changes in working directory)
	modified:   push.log
	modified:   status.log

no changes added to commit (use "git add" and/or "git commit -a")
----------------------------------------Git Status at Tuesday 24 December 2024 01:06:07 PM IST---------------------------------------
On branch main
Your branch is ahead of 'origin/main' by 38 commits.
  (use "git push" to publish your local commits)

Changes not staged for commit:
  (use "git add <file>..." to update what will be committed)
  (use "git restore <file>..." to discard changes in working directory)
	modified:   push.log
	modified:   status.log

no changes added to commit (use "git add" and/or "git commit -a")
----------------------------------------Git Status at Tuesday 24 December 2024 03:36:16 PM IST---------------------------------------
On branch main
Your branch is ahead of 'origin/main' by 39 commits.
  (use "git push" to publish your local commits)

Changes not staged for commit:
  (use "git add <file>..." to update what will be committed)
  (use "git restore <file>..." to discard changes in working directory)
	modified:   push.log
	modified:   status.log

no changes added to commit (use "git add" and/or "git commit -a")
----------------------------------------Git Status at Tuesday 24 December 2024 03:37:45 PM IST---------------------------------------
On branch main
Your branch is ahead of 'origin/main' by 40 commits.
  (use "git push" to publish your local commits)

Changes not staged for commit:
  (use "git add <file>..." to update what will be committed)
  (use "git restore <file>..." to discard changes in working directory)
	modified:   push.log
	modified:   status.log

no changes added to commit (use "git add" and/or "git commit -a")
----------------------------------------Git Status at Tuesday 24 December 2024 03:38:18 PM IST---------------------------------------
On branch main
Your branch is ahead of 'origin/main' by 41 commits.
  (use "git push" to publish your local commits)

Changes not staged for commit:
  (use "git add <file>..." to update what will be committed)
  (use "git restore <file>..." to discard changes in working directory)
	modified:   push.log
	modified:   status.log

no changes added to commit (use "git add" and/or "git commit -a")
----------------------------------------Git Status at Tuesday 24 December 2024 03:39:38 PM IST---------------------------------------
On branch main
Your branch is ahead of 'origin/main' by 42 commits.
  (use "git push" to publish your local commits)

Changes not staged for commit:
  (use "git add <file>..." to update what will be committed)
  (use "git restore <file>..." to discard changes in working directory)
	modified:   push.log
	modified:   status.log

no changes added to commit (use "git add" and/or "git commit -a")
----------------------------------------Git Status at Monday 06 January 2025 10:25:20 AM IST---------------------------------------
On branch main
Your branch is ahead of 'origin/main' by 43 commits.
  (use "git push" to publish your local commits)

Changes not staged for commit:
  (use "git add <file>..." to update what will be committed)
  (use "git restore <file>..." to discard changes in working directory)
	modified:   push.log
	modified:   status.log

no changes added to commit (use "git add" and/or "git commit -a")
----------------------------------------Git Status at Monday 06 January 2025 10:34:13 AM IST---------------------------------------
On branch main
Your branch is ahead of 'origin/main' by 44 commits.
  (use "git push" to publish your local commits)

Changes not staged for commit:
  (use "git add <file>..." to update what will be committed)
  (use "git restore <file>..." to discard changes in working directory)
	modified:   push.log
	modified:   status.log

no changes added to commit (use "git add" and/or "git commit -a")
----------------------------------------Git Status at Monday 06 January 2025 10:38:02 AM IST---------------------------------------
On branch main
Your branch is ahead of 'origin/main' by 45 commits.
  (use "git push" to publish your local commits)

Changes not staged for commit:
  (use "git add <file>..." to update what will be committed)
  (use "git restore <file>..." to discard changes in working directory)
	modified:   push.log
	modified:   status.log

no changes added to commit (use "git add" and/or "git commit -a")
----------------------------------------Git Status at Monday 06 January 2025 10:44:05 AM IST---------------------------------------
On branch main
Your branch is ahead of 'origin/main' by 46 commits.
  (use "git push" to publish your local commits)

Changes not staged for commit:
  (use "git add <file>..." to update what will be committed)
  (use "git restore <file>..." to discard changes in working directory)
	modified:   push.log
	modified:   status.log

no changes added to commit (use "git add" and/or "git commit -a")
----------------------------------------Git Status at Tuesday 07 January 2025 09:07:42 PM IST---------------------------------------
On branch main
Your branch is ahead of 'origin/main' by 47 commits.
  (use "git push" to publish your local commits)

Changes not staged for commit:
  (use "git add <file>..." to update what will be committed)
  (use "git restore <file>..." to discard changes in working directory)
	modified:   push.log
	modified:   status.log

no changes added to commit (use "git add" and/or "git commit -a")
----------------------------------------Git Status at Tuesday 07 January 2025 09:54:06 PM IST---------------------------------------
On branch main
Your branch is ahead of 'origin/main' by 48 commits.
  (use "git push" to publish your local commits)

Changes not staged for commit:
  (use "git add <file>..." to update what will be committed)
  (use "git restore <file>..." to discard changes in working directory)
	modified:   push.log
	modified:   status.log

no changes added to commit (use "git add" and/or "git commit -a")
----------------------------------------Git Status at Tuesday 07 January 2025 09:57:11 PM IST---------------------------------------
On branch main
Your branch is ahead of 'origin/main' by 49 commits.
  (use "git push" to publish your local commits)

Changes not staged for commit:
  (use "git add <file>..." to update what will be committed)
  (use "git restore <file>..." to discard changes in working directory)
	modified:   push.log
	modified:   status.log

no changes added to commit (use "git add" and/or "git commit -a")
----------------------------------------Git Status at Tuesday 07 January 2025 09:57:22 PM IST---------------------------------------
On branch main
Your branch is ahead of 'origin/main' by 50 commits.
  (use "git push" to publish your local commits)

Changes not staged for commit:
  (use "git add <file>..." to update what will be committed)
  (use "git restore <file>..." to discard changes in working directory)
	modified:   push.log
	modified:   status.log

no changes added to commit (use "git add" and/or "git commit -a")
----------------------------------------Git Status at Tuesday 07 January 2025 10:04:26 PM IST---------------------------------------
On branch main
Your branch is ahead of 'origin/main' by 51 commits.
  (use "git push" to publish your local commits)

Changes not staged for commit:
  (use "git add <file>..." to update what will be committed)
  (use "git restore <file>..." to discard changes in working directory)
	modified:   push.log
	modified:   status.log

no changes added to commit (use "git add" and/or "git commit -a")
----------------------------------------Git Status at Tuesday 07 January 2025 10:07:03 PM IST---------------------------------------
On branch main
Your branch is ahead of 'origin/main' by 52 commits.
  (use "git push" to publish your local commits)

Changes not staged for commit:
  (use "git add <file>..." to update what will be committed)
  (use "git restore <file>..." to discard changes in working directory)
	modified:   push.log
	modified:   status.log

no changes added to commit (use "git add" and/or "git commit -a")
----------------------------------------Git Status at Tuesday 07 January 2025 10:15:28 PM IST---------------------------------------
On branch main
Your branch is ahead of 'origin/main' by 53 commits.
  (use "git push" to publish your local commits)

Changes not staged for commit:
  (use "git add <file>..." to update what will be committed)
  (use "git restore <file>..." to discard changes in working directory)
	modified:   push.log
	modified:   status.log

no changes added to commit (use "git add" and/or "git commit -a")
----------------------------------------Git Status at Tuesday 07 January 2025 10:20:18 PM IST---------------------------------------
On branch main
Your branch is ahead of 'origin/main' by 54 commits.
  (use "git push" to publish your local commits)

Changes not staged for commit:
  (use "git add <file>..." to update what will be committed)
  (use "git restore <file>..." to discard changes in working directory)
	modified:   push.log
	modified:   status.log

no changes added to commit (use "git add" and/or "git commit -a")
----------------------------------------Git Status at Tuesday 07 January 2025 10:22:42 PM IST---------------------------------------
On branch main
Your branch is ahead of 'origin/main' by 55 commits.
  (use "git push" to publish your local commits)

Changes not staged for commit:
  (use "git add <file>..." to update what will be committed)
  (use "git restore <file>..." to discard changes in working directory)
	modified:   push.log
	modified:   status.log

no changes added to commit (use "git add" and/or "git commit -a")
----------------------------------------Git Status at Tuesday 07 January 2025 10:25:10 PM IST---------------------------------------
On branch main
Your branch is ahead of 'origin/main' by 56 commits.
  (use "git push" to publish your local commits)

Changes not staged for commit:
  (use "git add <file>..." to update what will be committed)
  (use "git restore <file>..." to discard changes in working directory)
	modified:   push.log
	modified:   status.log

no changes added to commit (use "git add" and/or "git commit -a")
----------------------------------------Git Status at Tuesday 07 January 2025 10:28:56 PM IST---------------------------------------
On branch main
Your branch is ahead of 'origin/main' by 57 commits.
  (use "git push" to publish your local commits)

Changes not staged for commit:
  (use "git add <file>..." to update what will be committed)
  (use "git restore <file>..." to discard changes in working directory)
	modified:   push.log
	modified:   status.log

no changes added to commit (use "git add" and/or "git commit -a")
----------------------------------------Git Status at Tuesday 07 January 2025 10:30:12 PM IST---------------------------------------
On branch main
Your branch is ahead of 'origin/main' by 58 commits.
  (use "git push" to publish your local commits)

Changes not staged for commit:
  (use "git add <file>..." to update what will be committed)
  (use "git restore <file>..." to discard changes in working directory)
	modified:   push.log
	modified:   status.log

no changes added to commit (use "git add" and/or "git commit -a")
----------------------------------------Git Status at Tuesday 07 January 2025 10:32:11 PM IST---------------------------------------
On branch main
Your branch is ahead of 'origin/main' by 59 commits.
  (use "git push" to publish your local commits)

Changes not staged for commit:
  (use "git add <file>..." to update what will be committed)
  (use "git restore <file>..." to discard changes in working directory)
	modified:   push.log
	modified:   status.log

no changes added to commit (use "git add" and/or "git commit -a")
----------------------------------------Git Status at Tuesday 07 January 2025 10:35:57 PM IST---------------------------------------
On branch main
Your branch is ahead of 'origin/main' by 60 commits.
  (use "git push" to publish your local commits)

Changes not staged for commit:
  (use "git add <file>..." to update what will be committed)
  (use "git restore <file>..." to discard changes in working directory)
	modified:   push.log
	modified:   status.log

no changes added to commit (use "git add" and/or "git commit -a")
----------------------------------------Git Status at Tuesday 07 January 2025 10:39:07 PM IST---------------------------------------
On branch main
Your branch is ahead of 'origin/main' by 61 commits.
  (use "git push" to publish your local commits)

Changes not staged for commit:
  (use "git add <file>..." to update what will be committed)
  (use "git restore <file>..." to discard changes in working directory)
	modified:   push.log
	modified:   status.log

no changes added to commit (use "git add" and/or "git commit -a")
----------------------------------------Git Status at Tuesday 07 January 2025 10:39:44 PM IST---------------------------------------
On branch main
Your branch is ahead of 'origin/main' by 62 commits.
  (use "git push" to publish your local commits)

Changes not staged for commit:
  (use "git add <file>..." to update what will be committed)
  (use "git restore <file>..." to discard changes in working directory)
	modified:   push.log
	modified:   status.log

no changes added to commit (use "git add" and/or "git commit -a")
----------------------------------------Git Status at Tuesday 07 January 2025 11:05:22 PM IST---------------------------------------
On branch main
Your branch is ahead of 'origin/main' by 63 commits.
  (use "git push" to publish your local commits)

Changes not staged for commit:
  (use "git add <file>..." to update what will be committed)
  (use "git restore <file>..." to discard changes in working directory)
	modified:   push.log
	modified:   status.log

no changes added to commit (use "git add" and/or "git commit -a")
----------------------------------------Git Status at Tuesday 07 January 2025 11:32:35 PM IST---------------------------------------
On branch main
Your branch is ahead of 'origin/main' by 64 commits.
  (use "git push" to publish your local commits)

Changes not staged for commit:
  (use "git add <file>..." to update what will be committed)
  (use "git restore <file>..." to discard changes in working directory)
	modified:   push.log
	modified:   status.log

no changes added to commit (use "git add" and/or "git commit -a")
----------------------------------------Git Status at Tuesday 07 January 2025 11:35:09 PM IST---------------------------------------
On branch main
Your branch is ahead of 'origin/main' by 65 commits.
  (use "git push" to publish your local commits)

Changes not staged for commit:
  (use "git add <file>..." to update what will be committed)
  (use "git restore <file>..." to discard changes in working directory)
	modified:   push.log
	modified:   status.log

no changes added to commit (use "git add" and/or "git commit -a")
----------------------------------------Git Status at Tuesday 07 January 2025 11:49:03 PM IST---------------------------------------
On branch main
Your branch is ahead of 'origin/main' by 66 commits.
  (use "git push" to publish your local commits)

Changes not staged for commit:
  (use "git add <file>..." to update what will be committed)
  (use "git restore <file>..." to discard changes in working directory)
	modified:   push.log
	modified:   status.log

no changes added to commit (use "git add" and/or "git commit -a")
----------------------------------------Git Status at Wednesday 08 January 2025 08:14:11 AM IST---------------------------------------
On branch main
Your branch is ahead of 'origin/main' by 67 commits.
  (use "git push" to publish your local commits)

Changes not staged for commit:
  (use "git add <file>..." to update what will be committed)
  (use "git restore <file>..." to discard changes in working directory)
	modified:   push.log
	modified:   status.log

no changes added to commit (use "git add" and/or "git commit -a")
----------------------------------------Git Status at Wednesday 08 January 2025 08:24:42 AM IST---------------------------------------
On branch main
Your branch is ahead of 'origin/main' by 68 commits.
  (use "git push" to publish your local commits)

Changes not staged for commit:
  (use "git add <file>..." to update what will be committed)
  (use "git restore <file>..." to discard changes in working directory)
	modified:   push.log
	modified:   status.log

no changes added to commit (use "git add" and/or "git commit -a")
----------------------------------------Git Status at Wednesday 08 January 2025 08:35:51 AM IST---------------------------------------
On branch main
Your branch is ahead of 'origin/main' by 69 commits.
  (use "git push" to publish your local commits)

Changes not staged for commit:
  (use "git add <file>..." to update what will be committed)
  (use "git restore <file>..." to discard changes in working directory)
	modified:   push.log
	modified:   status.log

no changes added to commit (use "git add" and/or "git commit -a")
----------------------------------------Git Status at Wednesday 08 January 2025 08:50:31 AM IST---------------------------------------
On branch main
Your branch is ahead of 'origin/main' by 70 commits.
  (use "git push" to publish your local commits)

Changes not staged for commit:
  (use "git add <file>..." to update what will be committed)
  (use "git restore <file>..." to discard changes in working directory)
	modified:   push.log
	modified:   status.log

no changes added to commit (use "git add" and/or "git commit -a")
----------------------------------------Git Status at Wednesday 08 January 2025 10:42:08 AM IST---------------------------------------
On branch main
Your branch is ahead of 'origin/main' by 71 commits.
  (use "git push" to publish your local commits)

Changes not staged for commit:
  (use "git add <file>..." to update what will be committed)
  (use "git restore <file>..." to discard changes in working directory)
	modified:   push.log
	modified:   status.log

no changes added to commit (use "git add" and/or "git commit -a")
----------------------------------------Git Status at Wednesday 08 January 2025 10:51:21 AM IST---------------------------------------
On branch main
Your branch is ahead of 'origin/main' by 72 commits.
  (use "git push" to publish your local commits)

Changes not staged for commit:
  (use "git add <file>..." to update what will be committed)
  (use "git restore <file>..." to discard changes in working directory)
	modified:   push.log
	modified:   status.log

no changes added to commit (use "git add" and/or "git commit -a")
----------------------------------------Git Status at Wednesday 08 January 2025 11:12:15 AM IST---------------------------------------
On branch main
Your branch is ahead of 'origin/main' by 73 commits.
  (use "git push" to publish your local commits)

Changes not staged for commit:
  (use "git add <file>..." to update what will be committed)
  (use "git restore <file>..." to discard changes in working directory)
	modified:   push.log
	modified:   status.log

no changes added to commit (use "git add" and/or "git commit -a")
----------------------------------------Git Status at Wednesday 08 January 2025 11:20:41 AM IST---------------------------------------
On branch main
Your branch is ahead of 'origin/main' by 74 commits.
  (use "git push" to publish your local commits)

Changes not staged for commit:
  (use "git add <file>..." to update what will be committed)
  (use "git restore <file>..." to discard changes in working directory)
	modified:   push.log
	modified:   status.log

no changes added to commit (use "git add" and/or "git commit -a")
----------------------------------------Git Status at Wednesday 08 January 2025 11:24:23 AM IST---------------------------------------
On branch main
Your branch is ahead of 'origin/main' by 75 commits.
  (use "git push" to publish your local commits)

Changes not staged for commit:
  (use "git add <file>..." to update what will be committed)
  (use "git restore <file>..." to discard changes in working directory)
	modified:   push.log
	modified:   status.log

no changes added to commit (use "git add" and/or "git commit -a")
----------------------------------------Git Status at Wednesday 08 January 2025 11:41:00 AM IST---------------------------------------
On branch main
Your branch is ahead of 'origin/main' by 76 commits.
  (use "git push" to publish your local commits)

Changes not staged for commit:
  (use "git add <file>..." to update what will be committed)
  (use "git restore <file>..." to discard changes in working directory)
	modified:   push.log
	modified:   status.log

no changes added to commit (use "git add" and/or "git commit -a")
----------------------------------------Git Status at Wednesday 08 January 2025 01:04:13 PM IST---------------------------------------
On branch main
Your branch is ahead of 'origin/main' by 77 commits.
  (use "git push" to publish your local commits)

Changes not staged for commit:
  (use "git add <file>..." to update what will be committed)
  (use "git restore <file>..." to discard changes in working directory)
	modified:   push.log
	modified:   status.log

no changes added to commit (use "git add" and/or "git commit -a")
----------------------------------------Git Status at Wednesday 08 January 2025 01:04:21 PM IST---------------------------------------
On branch main
Your branch is ahead of 'origin/main' by 78 commits.
  (use "git push" to publish your local commits)

Changes not staged for commit:
  (use "git add <file>..." to update what will be committed)
  (use "git restore <file>..." to discard changes in working directory)
	modified:   push.log
	modified:   status.log

no changes added to commit (use "git add" and/or "git commit -a")
----------------------------------------Git Status at Wednesday 08 January 2025 01:06:28 PM IST---------------------------------------
On branch main
Your branch is ahead of 'origin/main' by 79 commits.
  (use "git push" to publish your local commits)

Changes not staged for commit:
  (use "git add <file>..." to update what will be committed)
  (use "git restore <file>..." to discard changes in working directory)
	modified:   push.log
	modified:   status.log

no changes added to commit (use "git add" and/or "git commit -a")
----------------------------------------Git Status at Wednesday 08 January 2025 03:20:11 PM IST---------------------------------------
On branch main
Your branch is ahead of 'origin/main' by 80 commits.
  (use "git push" to publish your local commits)

Changes not staged for commit:
  (use "git add <file>..." to update what will be committed)
  (use "git restore <file>..." to discard changes in working directory)
	modified:   push.log
	modified:   status.log

no changes added to commit (use "git add" and/or "git commit -a")
----------------------------------------Git Status at Wednesday 08 January 2025 03:30:41 PM IST---------------------------------------
On branch main
Your branch is ahead of 'origin/main' by 81 commits.
  (use "git push" to publish your local commits)

Changes not staged for commit:
  (use "git add <file>..." to update what will be committed)
  (use "git restore <file>..." to discard changes in working directory)
	modified:   push.log
	modified:   status.log

no changes added to commit (use "git add" and/or "git commit -a")
----------------------------------------Git Status at Wednesday 08 January 2025 03:33:53 PM IST---------------------------------------
On branch main
Your branch is ahead of 'origin/main' by 82 commits.
  (use "git push" to publish your local commits)

Changes not staged for commit:
  (use "git add <file>..." to update what will be committed)
  (use "git restore <file>..." to discard changes in working directory)
	modified:   push.log
	modified:   status.log

no changes added to commit (use "git add" and/or "git commit -a")
----------------------------------------Git Status at Wednesday 08 January 2025 04:40:12 PM IST---------------------------------------
On branch main
Your branch is ahead of 'origin/main' by 83 commits.
  (use "git push" to publish your local commits)

Changes not staged for commit:
  (use "git add <file>..." to update what will be committed)
  (use "git restore <file>..." to discard changes in working directory)
	modified:   push.log
	modified:   status.log

no changes added to commit (use "git add" and/or "git commit -a")
----------------------------------------Git Status at Wednesday 08 January 2025 09:38:48 PM IST---------------------------------------
On branch main
Your branch is ahead of 'origin/main' by 84 commits.
  (use "git push" to publish your local commits)

Changes not staged for commit:
  (use "git add <file>..." to update what will be committed)
  (use "git restore <file>..." to discard changes in working directory)
	modified:   push.log
	modified:   status.log

no changes added to commit (use "git add" and/or "git commit -a")
----------------------------------------Git Status at Wednesday 08 January 2025 09:40:44 PM IST---------------------------------------
On branch main
Your branch is ahead of 'origin/main' by 85 commits.
  (use "git push" to publish your local commits)

Changes not staged for commit:
  (use "git add <file>..." to update what will be committed)
  (use "git restore <file>..." to discard changes in working directory)
	modified:   push.log
	modified:   status.log

no changes added to commit (use "git add" and/or "git commit -a")
----------------------------------------Git Status at Wednesday 08 January 2025 09:40:52 PM IST---------------------------------------
On branch main
Your branch is ahead of 'origin/main' by 86 commits.
  (use "git push" to publish your local commits)

Changes not staged for commit:
  (use "git add <file>..." to update what will be committed)
  (use "git restore <file>..." to discard changes in working directory)
	modified:   push.log
	modified:   status.log

no changes added to commit (use "git add" and/or "git commit -a")
----------------------------------------Git Status at Wednesday 08 January 2025 09:43:26 PM IST---------------------------------------
On branch main
Your branch is ahead of 'origin/main' by 87 commits.
  (use "git push" to publish your local commits)

Changes not staged for commit:
  (use "git add <file>..." to update what will be committed)
  (use "git restore <file>..." to discard changes in working directory)
	modified:   push.log
	modified:   status.log

no changes added to commit (use "git add" and/or "git commit -a")
----------------------------------------Git Status at Wednesday 08 January 2025 11:16:24 PM IST---------------------------------------
On branch main
Your branch is ahead of 'origin/main' by 88 commits.
  (use "git push" to publish your local commits)

Changes not staged for commit:
  (use "git add <file>..." to update what will be committed)
  (use "git restore <file>..." to discard changes in working directory)
	modified:   push.log
	modified:   status.log

no changes added to commit (use "git add" and/or "git commit -a")
----------------------------------------Git Status at Friday 10 January 2025 06:00:15 PM IST---------------------------------------
On branch main
Your branch is ahead of 'origin/main' by 89 commits.
  (use "git push" to publish your local commits)

Changes not staged for commit:
  (use "git add <file>..." to update what will be committed)
  (use "git restore <file>..." to discard changes in working directory)
	modified:   push.log
	modified:   status.log

no changes added to commit (use "git add" and/or "git commit -a")
----------------------------------------Git Status at Friday 10 January 2025 06:05:50 PM IST---------------------------------------
On branch main
Your branch is ahead of 'origin/main' by 90 commits.
  (use "git push" to publish your local commits)

Changes not staged for commit:
  (use "git add <file>..." to update what will be committed)
  (use "git restore <file>..." to discard changes in working directory)
	modified:   push.log
	modified:   status.log

no changes added to commit (use "git add" and/or "git commit -a")
----------------------------------------Git Status at Friday 10 January 2025 08:34:38 PM IST---------------------------------------
On branch main
Your branch is ahead of 'origin/main' by 91 commits.
  (use "git push" to publish your local commits)

Changes not staged for commit:
  (use "git add <file>..." to update what will be committed)
  (use "git restore <file>..." to discard changes in working directory)
	modified:   push.log
	modified:   status.log

no changes added to commit (use "git add" and/or "git commit -a")
----------------------------------------Git Status at Friday 10 January 2025 08:35:40 PM IST---------------------------------------
On branch main
Your branch is ahead of 'origin/main' by 92 commits.
  (use "git push" to publish your local commits)

Changes not staged for commit:
  (use "git add <file>..." to update what will be committed)
  (use "git restore <file>..." to discard changes in working directory)
	modified:   push.log
	modified:   status.log

no changes added to commit (use "git add" and/or "git commit -a")
----------------------------------------Git Status at Friday 10 January 2025 08:38:40 PM IST---------------------------------------
On branch main
Your branch is ahead of 'origin/main' by 93 commits.
  (use "git push" to publish your local commits)

Changes not staged for commit:
  (use "git add <file>..." to update what will be committed)
  (use "git restore <file>..." to discard changes in working directory)
	modified:   push.log
	modified:   status.log

no changes added to commit (use "git add" and/or "git commit -a")
----------------------------------------Git Status at Friday 10 January 2025 11:04:56 PM IST---------------------------------------
On branch main
Your branch is ahead of 'origin/main' by 94 commits.
  (use "git push" to publish your local commits)

Changes not staged for commit:
  (use "git add <file>..." to update what will be committed)
  (use "git restore <file>..." to discard changes in working directory)
	modified:   push.log
	modified:   status.log

no changes added to commit (use "git add" and/or "git commit -a")
----------------------------------------Git Status at Monday 13 January 2025 10:08:11 AM IST---------------------------------------
On branch main
Your branch is ahead of 'origin/main' by 95 commits.
  (use "git push" to publish your local commits)

Changes not staged for commit:
  (use "git add <file>..." to update what will be committed)
  (use "git restore <file>..." to discard changes in working directory)
	modified:   push.log
	modified:   status.log

no changes added to commit (use "git add" and/or "git commit -a")
----------------------------------------Git Status at Monday 13 January 2025 10:09:25 AM IST---------------------------------------
On branch main
Your branch is ahead of 'origin/main' by 96 commits.
  (use "git push" to publish your local commits)

Changes not staged for commit:
  (use "git add <file>..." to update what will be committed)
  (use "git restore <file>..." to discard changes in working directory)
	modified:   push.log
	modified:   status.log

no changes added to commit (use "git add" and/or "git commit -a")
----------------------------------------Git Status at Thursday 16 January 2025 08:29:03 AM IST---------------------------------------
On branch main
Your branch is ahead of 'origin/main' by 97 commits.
  (use "git push" to publish your local commits)

Changes not staged for commit:
  (use "git add <file>..." to update what will be committed)
  (use "git restore <file>..." to discard changes in working directory)
	modified:   push.log
	modified:   status.log

no changes added to commit (use "git add" and/or "git commit -a")
----------------------------------------Git Status at Thursday 16 January 2025 08:33:27 AM IST---------------------------------------
On branch main
Your branch is ahead of 'origin/main' by 98 commits.
  (use "git push" to publish your local commits)

Changes not staged for commit:
  (use "git add <file>..." to update what will be committed)
  (use "git restore <file>..." to discard changes in working directory)
	modified:   push.log
	modified:   status.log

no changes added to commit (use "git add" and/or "git commit -a")
----------------------------------------Git Status at Thursday 16 January 2025 08:35:02 AM IST---------------------------------------
On branch main
Your branch is ahead of 'origin/main' by 99 commits.
  (use "git push" to publish your local commits)

Changes not staged for commit:
  (use "git add <file>..." to update what will be committed)
  (use "git restore <file>..." to discard changes in working directory)
	modified:   push.log
	modified:   status.log

no changes added to commit (use "git add" and/or "git commit -a")
----------------------------------------Git Status at Thursday 16 January 2025 08:36:29 AM IST---------------------------------------
On branch main
Your branch is ahead of 'origin/main' by 100 commits.
  (use "git push" to publish your local commits)

Changes not staged for commit:
  (use "git add <file>..." to update what will be committed)
  (use "git restore <file>..." to discard changes in working directory)
	modified:   push.log
	modified:   status.log

no changes added to commit (use "git add" and/or "git commit -a")
----------------------------------------Git Status at Monday 20 January 2025 02:19:52 PM IST---------------------------------------
On branch main
Your branch is ahead of 'origin/main' by 101 commits.
  (use "git push" to publish your local commits)

Changes not staged for commit:
  (use "git add <file>..." to update what will be committed)
  (use "git restore <file>..." to discard changes in working directory)
	modified:   push.log
	modified:   status.log

no changes added to commit (use "git add" and/or "git commit -a")
----------------------------------------Git Status at Tuesday 21 January 2025 11:55:18 AM IST---------------------------------------
On branch main
Your branch is ahead of 'origin/main' by 102 commits.
  (use "git push" to publish your local commits)

Changes not staged for commit:
  (use "git add <file>..." to update what will be committed)
  (use "git restore <file>..." to discard changes in working directory)
	modified:   push.log
	modified:   status.log

no changes added to commit (use "git add" and/or "git commit -a")
----------------------------------------Git Status at Tuesday 21 January 2025 12:00:23 PM IST---------------------------------------
On branch main
Your branch is ahead of 'origin/main' by 103 commits.
  (use "git push" to publish your local commits)

Changes not staged for commit:
  (use "git add <file>..." to update what will be committed)
  (use "git restore <file>..." to discard changes in working directory)
	modified:   push.log
	modified:   status.log

no changes added to commit (use "git add" and/or "git commit -a")
----------------------------------------Git Status at Tuesday 21 January 2025 12:01:01 PM IST---------------------------------------
On branch main
Your branch is ahead of 'origin/main' by 104 commits.
  (use "git push" to publish your local commits)

Changes not staged for commit:
  (use "git add <file>..." to update what will be committed)
  (use "git restore <file>..." to discard changes in working directory)
	modified:   push.log
	modified:   status.log

no changes added to commit (use "git add" and/or "git commit -a")
----------------------------------------Git Status at Tuesday 21 January 2025 04:30:21 PM IST---------------------------------------
On branch main
Your branch is ahead of 'origin/main' by 105 commits.
  (use "git push" to publish your local commits)

Changes not staged for commit:
  (use "git add <file>..." to update what will be committed)
  (use "git restore <file>..." to discard changes in working directory)
	modified:   push.log
	modified:   status.log

no changes added to commit (use "git add" and/or "git commit -a")
----------------------------------------Git Status at Tuesday 21 January 2025 04:38:09 PM IST---------------------------------------
On branch main
Your branch is ahead of 'origin/main' by 106 commits.
  (use "git push" to publish your local commits)

Changes not staged for commit:
  (use "git add <file>..." to update what will be committed)
  (use "git restore <file>..." to discard changes in working directory)
	modified:   push.log
	modified:   status.log

no changes added to commit (use "git add" and/or "git commit -a")
----------------------------------------Git Status at Wednesday 22 January 2025 11:08:44 PM IST---------------------------------------
On branch main
Your branch is ahead of 'origin/main' by 107 commits.
  (use "git push" to publish your local commits)

Changes not staged for commit:
  (use "git add <file>..." to update what will be committed)
  (use "git restore <file>..." to discard changes in working directory)
	modified:   push.log
	modified:   status.log

no changes added to commit (use "git add" and/or "git commit -a")
----------------------------------------Git Status at Wednesday 22 January 2025 11:11:15 PM IST---------------------------------------
On branch main
Your branch is ahead of 'origin/main' by 108 commits.
  (use "git push" to publish your local commits)

Changes not staged for commit:
  (use "git add <file>..." to update what will be committed)
  (use "git restore <file>..." to discard changes in working directory)
	modified:   push.log
	modified:   status.log

no changes added to commit (use "git add" and/or "git commit -a")
----------------------------------------Git Status at Tuesday 04 March 2025 10:01:12 AM IST---------------------------------------
On branch main
Your branch is ahead of 'origin/main' by 109 commits.
  (use "git push" to publish your local commits)

Changes not staged for commit:
  (use "git add <file>..." to update what will be committed)
  (use "git restore <file>..." to discard changes in working directory)
	modified:   push.log
	modified:   status.log

no changes added to commit (use "git add" and/or "git commit -a")
----------------------------------------Git Status at Tuesday 04 March 2025 10:02:50 AM IST---------------------------------------
On branch main
Your branch is ahead of 'origin/main' by 110 commits.
  (use "git push" to publish your local commits)

Changes not staged for commit:
  (use "git add <file>..." to update what will be committed)
  (use "git restore <file>..." to discard changes in working directory)
	modified:   push.log
	modified:   status.log

no changes added to commit (use "git add" and/or "git commit -a")
